<?xml version="1.0" encoding="UTF-8"?>
<testsuite name="inkball.AppTests" tests="3" skipped="0" failures="0" errors="0" timestamp="2024-10-25T10:41:19" hostname="ABRAR" time="0.084">
  <properties/>
  <testcase name="testResetFunctionality()" classname="inkball.AppTests" time="0.063"/>
  <testcase name="testNewLevelFunctionality()" classname="inkball.AppTests" time="0.004"/>
  <testcase name="testPauseFunctionality()" classname="inkball.AppTests" time="0.008"/>
  <system-out><![CDATA[]]></system-out>
  <system-err><![CDATA[]]></system-err>
</testsuite>
